<?xml version="1.0" encoding="UTF-8"?>
<testng-results ignored="0" total="1" passed="1" failed="0" skipped="0">
  <reporter-output>
  </reporter-output>
  <suite started-at="2023-05-04T14:05:56 IST" name="Default suite" finished-at="2023-05-04T14:06:18 IST" duration-ms="21372">
    <groups>
    </groups>
    <test started-at="2023-05-04T14:05:56 IST" name="Default test" finished-at="2023-05-04T14:06:18 IST" duration-ms="21372">
      <class name="login.PageObject.prismLoginExtendReport">
        <test-method is-config="true" signature="config()[pri:0, instance:login.PageObject.prismLoginExtendReport@5ffead27]" started-at="2023-05-04T14:05:56 IST" name="config" finished-at="2023-05-04T14:05:57 IST" duration-ms="232" status="PASS">
          <reporter-output>
          </reporter-output>
        </test-method> <!-- config -->
        <test-method signature="main()[pri:0, instance:login.PageObject.prismLoginExtendReport@5ffead27]" started-at="2023-05-04T14:05:57 IST" name="main" finished-at="2023-05-04T14:06:18 IST" duration-ms="21110" status="PASS">
          <reporter-output>
          </reporter-output>
        </test-method> <!-- main -->
      </class> <!-- login.PageObject.prismLoginExtendReport -->
    </test> <!-- Default test -->
  </suite> <!-- Default suite -->
</testng-results>
